<lido:lido xmlns:lido="http://www.lido-schema.org"
           xmlns:gml="http://www.opengis.net/gml"
           xmlns:xalan="http://xml.apache.org/xalan"
           xmlns:xsi="http://www.w3.org/2001/XMLSchema-instance"
           xsi:schemaLocation="http://www.lido-schema.org http://www.lido-schema.org/schema/v1.0/lido-v1.0.xsd http://www.opengis.net/gml http://schemas.opengis.net/gml/3.1.1/base/feature.xsd">
    <lido:lidoRecID lido:source="https://hessen.museum-digital.de/institution/9" lido:type="local">DE-MUS-340318/5321580</lido:lidoRecID>
    <lido:administrativeMetadata xml:lang="de">
        <lido:resourceWrap>
            <lido:resourceSet>
                <lido:resourceID lido:label="Bild" lido:source="SMB/ObjID/AssetID" lido:type="local">DE-MUS-019118/207024/2465728</lido:resourceID>
                <lido:resourceRepresentation lido:type="http://terminology.lido-schema.org/lido00464">
                    <lido:linkResource lido:formatResource="image/jpeg">https://id.smb.museum/digital-asset/2465728</lido:linkResource>
                </lido:resourceRepresentation>
                <lido:rightsResource>
                    <lido:rightsType>
                        <lido:conceptID lido:type="URI"/>
                        <lido:term/>
                    </lido:rightsType>
                </lido:rightsResource>
            </lido:resourceSet>
            <lido:resourceSet>
                <lido:resourceID lido:label="Bild" lido:source="SMB/ObjID/AssetID" lido:type="local">DE-MUS-019118/207024/3476627</lido:resourceID>
                <lido:resourceRepresentation lido:type="http://terminology.lido-schema.org/lido00464">
                    <lido:linkResource lido:formatResource="image/jpeg">https://id.smb.museum/digital-asset/3476627</lido:linkResource>
                </lido:resourceRepresentation>
                <lido:rightsResource>
                    <lido:rightsType>
                        <lido:conceptID lido:type="URI">http://creativecommons.org/publicdomain/zero/1.0/</lido:conceptID>
                        <lido:term>CC0 1.0 Universell (CC0 1.0) Public Domain Dedication</lido:term>
                    </lido:rightsType>
                </lido:rightsResource>
            </lido:resourceSet>
        </lido:resourceWrap>
    </lido:administrativeMetadata>
</lido:lido>